<?xml version="1.0" encoding="UTF-8"?>
<!-- Generated by org.testng.reporters.JUnitXMLReporter -->
<testsuite ignored="0" hostname="DESKTOP-MV3N3RD" failures="0" tests="3" name="Test2" time="75.331" errors="0" timestamp="2026-05-04T11:30:01 IST">
  <testcase classname="ContactModule.ContactModuleTest" name="createConWithOrg_test" time="39.486"/>
  <testcase classname="ContactModule.ContactModuleTest" name="createConWithSuppDate_test" time="19.305"/>
  <testcase classname="ContactModule.ContactModuleTest" name="createCon_test" time="16.496"/>
</testsuite> <!-- Test2 -->
