<?xml version="1.0" encoding="UTF-8"?>
<!-- Generated by org.testng.reporters.JUnitXMLReporter -->
<testsuite ignored="0" hostname="DESKTOP-MV3N3RD" failures="0" tests="3" name="Test1" time="63.992" errors="0" timestamp="2026-05-04T11:29:49 IST">
  <testcase classname="OrganizationModule.OrgModuleTest" name="createOrgWithIndType_test" time="22.223"/>
  <testcase classname="OrganizationModule.OrgModuleTest" name="createOrgWithphno_test" time="22.59"/>
  <testcase classname="OrganizationModule.OrgModuleTest" name="createOrg_test" time="19.131"/>
</testsuite> <!-- Test1 -->
