<?xml version="1.0" encoding="UTF-8"?>
<!-- Generated by org.testng.reporters.JUnitXMLReporter -->
<testsuite ignored="4" hostname="DESKTOP-MV3N3RD" failures="0" tests="6" name="Test" time="150.125" errors="0" timestamp="2026-05-14T10:49:46 IST">
  <testcase classname="ContactModule.ContactModuleTest" name="createConWithOrg_test" time="51.214"/>
  <testcase classname="ContactModule.ContactModuleTest" name="createConWithSuppDate_test" time="10.264"/>
  <testcase classname="ContactModule.ContactModuleTest" name="createCon_test" time="14.787"/>
  <testcase classname="OrganizationModule.OrgModuleTest" name="createOrgWithIndType_test" time="10.531"/>
  <testcase classname="OrganizationModule.OrgModuleTest" name="createOrgWithphno_test" time="12.018"/>
  <testcase classname="OrganizationModule.OrgModuleTest" name="createOrg_test" time="13.974"/>
  <testcase classname="BaseclassUtility.Baseclass" name="@BeforeSuite connectToDB" time="0.0">
    <ignored/>
  </testcase> <!-- @BeforeSuite connectToDB -->
  <testcase classname="BaseclassUtility.Baseclass" name="@BeforeTest configParallelExe" time="0.0">
    <ignored/>
  </testcase> <!-- @BeforeTest configParallelExe -->
  <testcase classname="BaseclassUtility.Baseclass" name="@AfterTest closeConfigPE" time="0.0">
    <ignored/>
  </testcase> <!-- @AfterTest closeConfigPE -->
  <testcase classname="BaseclassUtility.Baseclass" name="@AfterSuite Disconnect_DB" time="0.0">
    <ignored/>
  </testcase> <!-- @AfterSuite Disconnect_DB -->
</testsuite> <!-- Test -->
