<?xml version="1.0" encoding="UTF-8"?>
<!-- Generated by org.testng.reporters.JUnitXMLReporter -->
<testsuite ignored="4" hostname="DESKTOP-MV3N3RD" failures="0" tests="6" name="Test_firefox" time="224.861" errors="0" timestamp="2026-05-07T10:04:58 IST">
  <testcase classname="ContactModule.ContactModuleTest" name="createConWithOrg_test" time="68.712"/>
  <testcase classname="ContactModule.ContactModuleTest" name="createConWithSuppDate_test" time="23.79"/>
  <testcase classname="ContactModule.ContactModuleTest" name="createCon_test" time="0.0">
    <skipped/>
  </testcase> <!-- createCon_test -->
  <testcase classname="OrganizationModule.OrgModuleTest" name="createOrgWithIndType_test" time="25.794"/>
  <testcase classname="OrganizationModule.OrgModuleTest" name="createOrgWithphno_test" time="23.653"/>
  <testcase classname="OrganizationModule.OrgModuleTest" name="createOrg_test" time="0.003">
    <skipped/>
  </testcase> <!-- createOrg_test -->
  <testcase classname="BaseclassUtility.Baseclass" name="@BeforeTest configParallelExe" time="0.0">
    <ignored/>
  </testcase> <!-- @BeforeTest configParallelExe -->
  <testcase classname="BaseclassUtility.Baseclass" name="@AfterSuite Disconnect_DB" time="0.0">
    <ignored/>
  </testcase> <!-- @AfterSuite Disconnect_DB -->
  <testcase classname="BaseclassUtility.Baseclass" name="@BeforeSuite connectToDB" time="0.0">
    <ignored/>
  </testcase> <!-- @BeforeSuite connectToDB -->
  <testcase classname="BaseclassUtility.Baseclass" name="@AfterTest closeConfigPE" time="0.0">
    <ignored/>
  </testcase> <!-- @AfterTest closeConfigPE -->
</testsuite> <!-- Test_firefox -->
