<?xml version="1.0" encoding="UTF-8"?>
<!-- Generated by org.testng.reporters.JUnitXMLReporter -->
<testsuite ignored="4" hostname="DESKTOP-MV3N3RD" failures="0" tests="6" name="Test_chrome" time="248.762" errors="0" timestamp="2026-05-07T10:05:22 IST">
  <testcase classname="ContactModule.ContactModuleTest" name="createConWithOrg_test" time="62.107"/>
  <testcase classname="ContactModule.ContactModuleTest" name="createConWithSuppDate_test" time="25.716"/>
  <testcase classname="ContactModule.ContactModuleTest" name="createCon_test" time="22.222"/>
  <testcase classname="OrganizationModule.OrgModuleTest" name="createOrgWithIndType_test" time="30.554"/>
  <testcase classname="OrganizationModule.OrgModuleTest" name="createOrgWithphno_test" time="19.124"/>
  <testcase classname="OrganizationModule.OrgModuleTest" name="createOrg_test" time="14.566"/>
  <testcase classname="BaseclassUtility.Baseclass" name="@AfterTest closeConfigPE" time="0.0">
    <ignored/>
  </testcase> <!-- @AfterTest closeConfigPE -->
  <testcase classname="BaseclassUtility.Baseclass" name="@BeforeSuite connectToDB" time="0.0">
    <ignored/>
  </testcase> <!-- @BeforeSuite connectToDB -->
  <testcase classname="BaseclassUtility.Baseclass" name="@BeforeTest configParallelExe" time="0.0">
    <ignored/>
  </testcase> <!-- @BeforeTest configParallelExe -->
  <testcase classname="BaseclassUtility.Baseclass" name="@AfterSuite Disconnect_DB" time="0.0">
    <ignored/>
  </testcase> <!-- @AfterSuite Disconnect_DB -->
</testsuite> <!-- Test_chrome -->
