<?xml version="1.0" encoding="UTF-8"?>
<!-- Generated by org.testng.reporters.JUnitXMLReporter -->
<testsuite ignored="4" hostname="DESKTOP-MV3N3RD" failures="1" tests="11" name="Test" time="189.443" errors="0" timestamp="2026-05-11T10:38:14 IST">
  <testcase classname="ContactModule.ContactModuleTest" name="createConWithOrg_test" time="22.592"/>
  <testcase classname="ContactModule.ContactModuleTest" name="createConWithSuppDate_test" time="11.452"/>
  <testcase classname="ContactModule.ContactModuleTest" name="createCon_test" time="13.233">
    <skipped/>
  </testcase> <!-- createCon_test -->
  <testcase classname="ContactModule.ContactModuleTest" name="createCon_test" time="12.926">
    <skipped/>
  </testcase> <!-- createCon_test -->
  <testcase classname="ContactModule.ContactModuleTest" name="createCon_test" time="13.147">
    <skipped/>
  </testcase> <!-- createCon_test -->
  <testcase classname="ContactModule.ContactModuleTest" name="createCon_test" time="13.28">
    <skipped/>
  </testcase> <!-- createCon_test -->
  <testcase classname="ContactModule.ContactModuleTest" name="createCon_test" time="13.128">
    <skipped/>
  </testcase> <!-- createCon_test -->
  <testcase classname="ContactModule.ContactModuleTest" name="createCon_test" time="11.625">
    <failure type="java.lang.AssertionError" message="The following asserts failed:
	Validating home header expected [action=index&amp;amp;module=Home] but found [http://localhost:8888/index.php?action=index&amp;amp;module=Home]">
      <![CDATA[java.lang.AssertionError: The following asserts failed:
Validating home header expected [action=index&module=Home] but found [http://localhost:8888/index.php?action=index&module=Home]
at ContactModule.ContactModuleTest.createCon_test(ContactModuleTest.java:87)
at java.base/java.util.ArrayList.forEach(ArrayList.java:1596)
... Removed 27 stack frames]]>
    </failure>
  </testcase> <!-- createCon_test -->
  <testcase classname="OrganizationModule.OrgModuleTest" name="createOrgWithIndType_test" time="11.694"/>
  <testcase classname="OrganizationModule.OrgModuleTest" name="createOrgWithphno_test" time="10.014"/>
  <testcase classname="OrganizationModule.OrgModuleTest" name="createOrg_test" time="13.217"/>
  <testcase classname="BaseclassUtility.Baseclass" name="@BeforeTest configParallelExe" time="0.0">
    <ignored/>
  </testcase> <!-- @BeforeTest configParallelExe -->
  <testcase classname="BaseclassUtility.Baseclass" name="@BeforeSuite connectToDB" time="0.0">
    <ignored/>
  </testcase> <!-- @BeforeSuite connectToDB -->
  <testcase classname="BaseclassUtility.Baseclass" name="@AfterSuite Disconnect_DB" time="0.0">
    <ignored/>
  </testcase> <!-- @AfterSuite Disconnect_DB -->
  <testcase classname="BaseclassUtility.Baseclass" name="@AfterTest closeConfigPE" time="0.0">
    <ignored/>
  </testcase> <!-- @AfterTest closeConfigPE -->
</testsuite> <!-- Test -->
