<?xml version="1.0" encoding="UTF-8"?>
<testng-results retried="5" ignored="5" total="11" passed="0" failed="1" skipped="0">
  <reporter-output>
    <line>
      <![CDATA[Suite Execution started-Adv report configuration]]>
    </line>
    <line>
      <![CDATA[Connected with DB]]>
    </line>
    <line>
      <![CDATA[Configured the parallel Exe]]>
    </line>
    <line>
      <![CDATA[Launching Browser]]>
    </line>
    <line>
      <![CDATA[Logged into the application]]>
    </line>
    <line>
      <![CDATA[Logged out of the application]]>
    </line>
    <line>
      <![CDATA[Logged into the application]]>
    </line>
    <line>
      <![CDATA[Logged out of the application]]>
    </line>
    <line>
      <![CDATA[Logged into the application]]>
    </line>
    <line>
      <![CDATA[Logged out of the application]]>
    </line>
    <line>
      <![CDATA[Logged into the application]]>
    </line>
    <line>
      <![CDATA[Logged out of the application]]>
    </line>
    <line>
      <![CDATA[Logged into the application]]>
    </line>
    <line>
      <![CDATA[Logged out of the application]]>
    </line>
    <line>
      <![CDATA[Logged into the application]]>
    </line>
    <line>
      <![CDATA[Logged out of the application]]>
    </line>
    <line>
      <![CDATA[Quiting the Browser]]>
    </line>
    <line>
      <![CDATA[Close config of parallel exe]]>
    </line>
    <line>
      <![CDATA[Disconnected with Database]]>
    </line>
  </reporter-output>
  <suite started-at="2026-05-11T10:44:29 IST" name="Default suite" finished-at="2026-05-11T10:46:10 IST" duration-ms="100301">
    <groups>
      <group name="smoke">
        <method signature="ContactModuleTest.createCon_test()[pri:0, instance:ContactModule.ContactModuleTest@6743e411]" name="createCon_test" class="ContactModule.ContactModuleTest"/>
      </group> <!-- smoke -->
    </groups>
    <test started-at="2026-05-11T10:44:29 IST" name="Default test" finished-at="2026-05-11T10:46:10 IST" duration-ms="100301">
      <class name="ContactModule.ContactModuleTest">
        <test-method is-config="true" signature="connectToDB()[pri:0, instance:ContactModule.ContactModuleTest@6743e411]" started-at="2026-05-11T10:44:29 IST" name="connectToDB" finished-at="2026-05-11T10:44:29 IST" duration-ms="465" status="PASS">
          <reporter-output>
            <line>
              <![CDATA[Connected with DB]]>
            </line>
          </reporter-output>
        </test-method> <!-- connectToDB -->
        <test-method is-config="true" signature="configParallelExe()[pri:0, instance:ContactModule.ContactModuleTest@6743e411]" started-at="2026-05-11T10:44:29 IST" name="configParallelExe" finished-at="2026-05-11T10:44:29 IST" duration-ms="2" status="PASS">
          <reporter-output>
            <line>
              <![CDATA[Configured the parallel Exe]]>
            </line>
          </reporter-output>
        </test-method> <!-- configParallelExe -->
        <test-method is-config="true" signature="LaunchTheBrowser()[pri:0, instance:ContactModule.ContactModuleTest@6743e411]" started-at="2026-05-11T10:44:29 IST" name="LaunchTheBrowser" finished-at="2026-05-11T10:44:31 IST" duration-ms="1462" status="PASS">
          <reporter-output>
            <line>
              <![CDATA[Launching Browser]]>
            </line>
          </reporter-output>
        </test-method> <!-- LaunchTheBrowser -->
        <test-method is-config="true" signature="Login()[pri:0, instance:ContactModule.ContactModuleTest@6743e411]" started-at="2026-05-11T10:44:31 IST" name="Login" finished-at="2026-05-11T10:44:34 IST" duration-ms="2964" status="PASS">
          <reporter-output>
            <line>
              <![CDATA[Logged into the application]]>
            </line>
          </reporter-output>
        </test-method> <!-- Login -->
        <test-method retried="true" signature="createCon_test()[pri:0, instance:ContactModule.ContactModuleTest@6743e411]" started-at="2026-05-11T10:44:34 IST" name="createCon_test" finished-at="2026-05-11T10:44:46 IST" duration-ms="11951" status="SKIP">
          <exception class="java.lang.AssertionError">
            <message>
              <![CDATA[The following asserts failed:
Validating home header expected [action=index&module=Home] but found [http://localhost:8888/index.php?action=index&module=Home]]]>
            </message>
            <full-stacktrace>
              <![CDATA[java.lang.AssertionError: The following asserts failed:
Validating home header expected [action=index&module=Home] but found [http://localhost:8888/index.php?action=index&module=Home]
at org.testng.asserts.SoftAssert.assertAll(SoftAssert.java:46)
at org.testng.asserts.SoftAssert.assertAll(SoftAssert.java:30)
at ContactModule.ContactModuleTest.createCon_test(ContactModuleTest.java:88)
at java.base/jdk.internal.reflect.DirectMethodHandleAccessor.invoke(DirectMethodHandleAccessor.java:103)
at java.base/java.lang.reflect.Method.invoke(Method.java:580)
at org.testng.internal.invokers.MethodInvocationHelper.invokeMethod(MethodInvocationHelper.java:141)
at org.testng.internal.invokers.TestInvoker.invokeMethod(TestInvoker.java:686)
at org.testng.internal.invokers.TestInvoker.invokeTestMethod(TestInvoker.java:230)
at org.testng.internal.invokers.MethodRunner.runInSequence(MethodRunner.java:63)
at org.testng.internal.invokers.TestInvoker$MethodInvocationAgent.invoke(TestInvoker.java:992)
at org.testng.internal.invokers.TestInvoker.invokeTestMethods(TestInvoker.java:203)
at org.testng.internal.invokers.TestMethodWorker.invokeTestMethods(TestMethodWorker.java:154)
at org.testng.internal.invokers.TestMethodWorker.run(TestMethodWorker.java:134)
at java.base/java.util.ArrayList.forEach(ArrayList.java:1596)
at org.testng.TestRunner.privateRun(TestRunner.java:739)
at org.testng.TestRunner.run(TestRunner.java:614)
at org.testng.SuiteRunner.runTest(SuiteRunner.java:421)
at org.testng.SuiteRunner.runSequentially(SuiteRunner.java:413)
at org.testng.SuiteRunner.privateRun(SuiteRunner.java:373)
at org.testng.SuiteRunner.run(SuiteRunner.java:312)
at org.testng.SuiteRunnerWorker.runSuite(SuiteRunnerWorker.java:52)
at org.testng.SuiteRunnerWorker.run(SuiteRunnerWorker.java:95)
at org.testng.TestNG.runSuitesSequentially(TestNG.java:1274)
at org.testng.TestNG.runSuitesLocally(TestNG.java:1208)
at org.testng.TestNG.runSuites(TestNG.java:1112)
at org.testng.TestNG.run(TestNG.java:1079)
at org.testng.remote.AbstractRemoteTestNG.run(AbstractRemoteTestNG.java:115)
at org.testng.remote.RemoteTestNG.initAndRun(RemoteTestNG.java:293)
at org.testng.remote.RemoteTestNG.main(RemoteTestNG.java:91)
]]>
            </full-stacktrace>
          </exception> <!-- java.lang.AssertionError -->
          <reporter-output>
          </reporter-output>
        </test-method> <!-- createCon_test -->
        <test-method is-config="true" signature="Logout()[pri:0, instance:ContactModule.ContactModuleTest@6743e411]" started-at="2026-05-11T10:44:46 IST" name="Logout" finished-at="2026-05-11T10:44:48 IST" duration-ms="2611" status="PASS">
          <reporter-output>
            <line>
              <![CDATA[Logged out of the application]]>
            </line>
          </reporter-output>
        </test-method> <!-- Logout -->
        <test-method is-config="true" signature="Login()[pri:0, instance:ContactModule.ContactModuleTest@6743e411]" started-at="2026-05-11T10:44:48 IST" name="Login" finished-at="2026-05-11T10:44:49 IST" duration-ms="533" status="PASS">
          <reporter-output>
            <line>
              <![CDATA[Logged into the application]]>
            </line>
          </reporter-output>
        </test-method> <!-- Login -->
        <test-method retried="true" signature="createCon_test()[pri:0, instance:ContactModule.ContactModuleTest@6743e411]" started-at="2026-05-11T10:44:49 IST" name="createCon_test" finished-at="2026-05-11T10:45:02 IST" duration-ms="12883" status="SKIP">
          <exception class="java.lang.AssertionError">
            <message>
              <![CDATA[The following asserts failed:
Validating home header expected [action=index&module=Home] but found [http://localhost:8888/index.php?action=index&module=Home]]]>
            </message>
            <full-stacktrace>
              <![CDATA[java.lang.AssertionError: The following asserts failed:
Validating home header expected [action=index&module=Home] but found [http://localhost:8888/index.php?action=index&module=Home]
at org.testng.asserts.SoftAssert.assertAll(SoftAssert.java:46)
at org.testng.asserts.SoftAssert.assertAll(SoftAssert.java:30)
at ContactModule.ContactModuleTest.createCon_test(ContactModuleTest.java:88)
at java.base/jdk.internal.reflect.DirectMethodHandleAccessor.invoke(DirectMethodHandleAccessor.java:103)
at java.base/java.lang.reflect.Method.invoke(Method.java:580)
at org.testng.internal.invokers.MethodInvocationHelper.invokeMethod(MethodInvocationHelper.java:141)
at org.testng.internal.invokers.TestInvoker.invokeMethod(TestInvoker.java:686)
at org.testng.internal.invokers.TestInvoker.retryFailed(TestInvoker.java:269)
at org.testng.internal.invokers.MethodRunner.runInSequence(MethodRunner.java:76)
at org.testng.internal.invokers.TestInvoker$MethodInvocationAgent.invoke(TestInvoker.java:992)
at org.testng.internal.invokers.TestInvoker.invokeTestMethods(TestInvoker.java:203)
at org.testng.internal.invokers.TestMethodWorker.invokeTestMethods(TestMethodWorker.java:154)
at org.testng.internal.invokers.TestMethodWorker.run(TestMethodWorker.java:134)
at java.base/java.util.ArrayList.forEach(ArrayList.java:1596)
at org.testng.TestRunner.privateRun(TestRunner.java:739)
at org.testng.TestRunner.run(TestRunner.java:614)
at org.testng.SuiteRunner.runTest(SuiteRunner.java:421)
at org.testng.SuiteRunner.runSequentially(SuiteRunner.java:413)
at org.testng.SuiteRunner.privateRun(SuiteRunner.java:373)
at org.testng.SuiteRunner.run(SuiteRunner.java:312)
at org.testng.SuiteRunnerWorker.runSuite(SuiteRunnerWorker.java:52)
at org.testng.SuiteRunnerWorker.run(SuiteRunnerWorker.java:95)
at org.testng.TestNG.runSuitesSequentially(TestNG.java:1274)
at org.testng.TestNG.runSuitesLocally(TestNG.java:1208)
at org.testng.TestNG.runSuites(TestNG.java:1112)
at org.testng.TestNG.run(TestNG.java:1079)
at org.testng.remote.AbstractRemoteTestNG.run(AbstractRemoteTestNG.java:115)
at org.testng.remote.RemoteTestNG.initAndRun(RemoteTestNG.java:293)
at org.testng.remote.RemoteTestNG.main(RemoteTestNG.java:91)
]]>
            </full-stacktrace>
          </exception> <!-- java.lang.AssertionError -->
          <reporter-output>
          </reporter-output>
        </test-method> <!-- createCon_test -->
        <test-method is-config="true" signature="Logout()[pri:0, instance:ContactModule.ContactModuleTest@6743e411]" started-at="2026-05-11T10:45:02 IST" name="Logout" finished-at="2026-05-11T10:45:04 IST" duration-ms="2673" status="PASS">
          <reporter-output>
            <line>
              <![CDATA[Logged out of the application]]>
            </line>
          </reporter-output>
        </test-method> <!-- Logout -->
        <test-method is-config="true" signature="Login()[pri:0, instance:ContactModule.ContactModuleTest@6743e411]" started-at="2026-05-11T10:45:04 IST" name="Login" finished-at="2026-05-11T10:45:07 IST" duration-ms="2205" status="PASS">
          <reporter-output>
            <line>
              <![CDATA[Logged into the application]]>
            </line>
          </reporter-output>
        </test-method> <!-- Login -->
        <test-method retried="true" signature="createCon_test()[pri:0, instance:ContactModule.ContactModuleTest@6743e411]" started-at="2026-05-11T10:45:07 IST" name="createCon_test" finished-at="2026-05-11T10:45:18 IST" duration-ms="11452" status="SKIP">
          <exception class="java.lang.AssertionError">
            <message>
              <![CDATA[The following asserts failed:
Validating home header expected [action=index&module=Home] but found [http://localhost:8888/index.php?action=index&module=Home]]]>
            </message>
            <full-stacktrace>
              <![CDATA[java.lang.AssertionError: The following asserts failed:
Validating home header expected [action=index&module=Home] but found [http://localhost:8888/index.php?action=index&module=Home]
at org.testng.asserts.SoftAssert.assertAll(SoftAssert.java:46)
at org.testng.asserts.SoftAssert.assertAll(SoftAssert.java:30)
at ContactModule.ContactModuleTest.createCon_test(ContactModuleTest.java:88)
at java.base/jdk.internal.reflect.DirectMethodHandleAccessor.invoke(DirectMethodHandleAccessor.java:103)
at java.base/java.lang.reflect.Method.invoke(Method.java:580)
at org.testng.internal.invokers.MethodInvocationHelper.invokeMethod(MethodInvocationHelper.java:141)
at org.testng.internal.invokers.TestInvoker.invokeMethod(TestInvoker.java:686)
at org.testng.internal.invokers.TestInvoker.retryFailed(TestInvoker.java:269)
at org.testng.internal.invokers.MethodRunner.runInSequence(MethodRunner.java:76)
at org.testng.internal.invokers.TestInvoker$MethodInvocationAgent.invoke(TestInvoker.java:992)
at org.testng.internal.invokers.TestInvoker.invokeTestMethods(TestInvoker.java:203)
at org.testng.internal.invokers.TestMethodWorker.invokeTestMethods(TestMethodWorker.java:154)
at org.testng.internal.invokers.TestMethodWorker.run(TestMethodWorker.java:134)
at java.base/java.util.ArrayList.forEach(ArrayList.java:1596)
at org.testng.TestRunner.privateRun(TestRunner.java:739)
at org.testng.TestRunner.run(TestRunner.java:614)
at org.testng.SuiteRunner.runTest(SuiteRunner.java:421)
at org.testng.SuiteRunner.runSequentially(SuiteRunner.java:413)
at org.testng.SuiteRunner.privateRun(SuiteRunner.java:373)
at org.testng.SuiteRunner.run(SuiteRunner.java:312)
at org.testng.SuiteRunnerWorker.runSuite(SuiteRunnerWorker.java:52)
at org.testng.SuiteRunnerWorker.run(SuiteRunnerWorker.java:95)
at org.testng.TestNG.runSuitesSequentially(TestNG.java:1274)
at org.testng.TestNG.runSuitesLocally(TestNG.java:1208)
at org.testng.TestNG.runSuites(TestNG.java:1112)
at org.testng.TestNG.run(TestNG.java:1079)
at org.testng.remote.AbstractRemoteTestNG.run(AbstractRemoteTestNG.java:115)
at org.testng.remote.RemoteTestNG.initAndRun(RemoteTestNG.java:293)
at org.testng.remote.RemoteTestNG.main(RemoteTestNG.java:91)
]]>
            </full-stacktrace>
          </exception> <!-- java.lang.AssertionError -->
          <reporter-output>
          </reporter-output>
        </test-method> <!-- createCon_test -->
        <test-method is-config="true" signature="Logout()[pri:0, instance:ContactModule.ContactModuleTest@6743e411]" started-at="2026-05-11T10:45:18 IST" name="Logout" finished-at="2026-05-11T10:45:21 IST" duration-ms="2616" status="PASS">
          <reporter-output>
            <line>
              <![CDATA[Logged out of the application]]>
            </line>
          </reporter-output>
        </test-method> <!-- Logout -->
        <test-method is-config="true" signature="Login()[pri:0, instance:ContactModule.ContactModuleTest@6743e411]" started-at="2026-05-11T10:45:21 IST" name="Login" finished-at="2026-05-11T10:45:23 IST" duration-ms="2144" status="PASS">
          <reporter-output>
            <line>
              <![CDATA[Logged into the application]]>
            </line>
          </reporter-output>
        </test-method> <!-- Login -->
        <test-method retried="true" signature="createCon_test()[pri:0, instance:ContactModule.ContactModuleTest@6743e411]" started-at="2026-05-11T10:45:23 IST" name="createCon_test" finished-at="2026-05-11T10:45:34 IST" duration-ms="11422" status="SKIP">
          <exception class="java.lang.AssertionError">
            <message>
              <![CDATA[The following asserts failed:
Validating home header expected [action=index&module=Home] but found [http://localhost:8888/index.php?action=index&module=Home]]]>
            </message>
            <full-stacktrace>
              <![CDATA[java.lang.AssertionError: The following asserts failed:
Validating home header expected [action=index&module=Home] but found [http://localhost:8888/index.php?action=index&module=Home]
at org.testng.asserts.SoftAssert.assertAll(SoftAssert.java:46)
at org.testng.asserts.SoftAssert.assertAll(SoftAssert.java:30)
at ContactModule.ContactModuleTest.createCon_test(ContactModuleTest.java:88)
at java.base/jdk.internal.reflect.DirectMethodHandleAccessor.invoke(DirectMethodHandleAccessor.java:103)
at java.base/java.lang.reflect.Method.invoke(Method.java:580)
at org.testng.internal.invokers.MethodInvocationHelper.invokeMethod(MethodInvocationHelper.java:141)
at org.testng.internal.invokers.TestInvoker.invokeMethod(TestInvoker.java:686)
at org.testng.internal.invokers.TestInvoker.retryFailed(TestInvoker.java:269)
at org.testng.internal.invokers.MethodRunner.runInSequence(MethodRunner.java:76)
at org.testng.internal.invokers.TestInvoker$MethodInvocationAgent.invoke(TestInvoker.java:992)
at org.testng.internal.invokers.TestInvoker.invokeTestMethods(TestInvoker.java:203)
at org.testng.internal.invokers.TestMethodWorker.invokeTestMethods(TestMethodWorker.java:154)
at org.testng.internal.invokers.TestMethodWorker.run(TestMethodWorker.java:134)
at java.base/java.util.ArrayList.forEach(ArrayList.java:1596)
at org.testng.TestRunner.privateRun(TestRunner.java:739)
at org.testng.TestRunner.run(TestRunner.java:614)
at org.testng.SuiteRunner.runTest(SuiteRunner.java:421)
at org.testng.SuiteRunner.runSequentially(SuiteRunner.java:413)
at org.testng.SuiteRunner.privateRun(SuiteRunner.java:373)
at org.testng.SuiteRunner.run(SuiteRunner.java:312)
at org.testng.SuiteRunnerWorker.runSuite(SuiteRunnerWorker.java:52)
at org.testng.SuiteRunnerWorker.run(SuiteRunnerWorker.java:95)
at org.testng.TestNG.runSuitesSequentially(TestNG.java:1274)
at org.testng.TestNG.runSuitesLocally(TestNG.java:1208)
at org.testng.TestNG.runSuites(TestNG.java:1112)
at org.testng.TestNG.run(TestNG.java:1079)
at org.testng.remote.AbstractRemoteTestNG.run(AbstractRemoteTestNG.java:115)
at org.testng.remote.RemoteTestNG.initAndRun(RemoteTestNG.java:293)
at org.testng.remote.RemoteTestNG.main(RemoteTestNG.java:91)
]]>
            </full-stacktrace>
          </exception> <!-- java.lang.AssertionError -->
          <reporter-output>
          </reporter-output>
        </test-method> <!-- createCon_test -->
        <test-method is-config="true" signature="Logout()[pri:0, instance:ContactModule.ContactModuleTest@6743e411]" started-at="2026-05-11T10:45:34 IST" name="Logout" finished-at="2026-05-11T10:45:37 IST" duration-ms="2544" status="PASS">
          <reporter-output>
            <line>
              <![CDATA[Logged out of the application]]>
            </line>
          </reporter-output>
        </test-method> <!-- Logout -->
        <test-method is-config="true" signature="Login()[pri:0, instance:ContactModule.ContactModuleTest@6743e411]" started-at="2026-05-11T10:45:37 IST" name="Login" finished-at="2026-05-11T10:45:39 IST" duration-ms="2191" status="PASS">
          <reporter-output>
            <line>
              <![CDATA[Logged into the application]]>
            </line>
          </reporter-output>
        </test-method> <!-- Login -->
        <test-method retried="true" signature="createCon_test()[pri:0, instance:ContactModule.ContactModuleTest@6743e411]" started-at="2026-05-11T10:45:39 IST" name="createCon_test" finished-at="2026-05-11T10:45:50 IST" duration-ms="11439" status="SKIP">
          <exception class="java.lang.AssertionError">
            <message>
              <![CDATA[The following asserts failed:
Validating home header expected [action=index&module=Home] but found [http://localhost:8888/index.php?action=index&module=Home]]]>
            </message>
            <full-stacktrace>
              <![CDATA[java.lang.AssertionError: The following asserts failed:
Validating home header expected [action=index&module=Home] but found [http://localhost:8888/index.php?action=index&module=Home]
at org.testng.asserts.SoftAssert.assertAll(SoftAssert.java:46)
at org.testng.asserts.SoftAssert.assertAll(SoftAssert.java:30)
at ContactModule.ContactModuleTest.createCon_test(ContactModuleTest.java:88)
at java.base/jdk.internal.reflect.DirectMethodHandleAccessor.invoke(DirectMethodHandleAccessor.java:103)
at java.base/java.lang.reflect.Method.invoke(Method.java:580)
at org.testng.internal.invokers.MethodInvocationHelper.invokeMethod(MethodInvocationHelper.java:141)
at org.testng.internal.invokers.TestInvoker.invokeMethod(TestInvoker.java:686)
at org.testng.internal.invokers.TestInvoker.retryFailed(TestInvoker.java:269)
at org.testng.internal.invokers.MethodRunner.runInSequence(MethodRunner.java:76)
at org.testng.internal.invokers.TestInvoker$MethodInvocationAgent.invoke(TestInvoker.java:992)
at org.testng.internal.invokers.TestInvoker.invokeTestMethods(TestInvoker.java:203)
at org.testng.internal.invokers.TestMethodWorker.invokeTestMethods(TestMethodWorker.java:154)
at org.testng.internal.invokers.TestMethodWorker.run(TestMethodWorker.java:134)
at java.base/java.util.ArrayList.forEach(ArrayList.java:1596)
at org.testng.TestRunner.privateRun(TestRunner.java:739)
at org.testng.TestRunner.run(TestRunner.java:614)
at org.testng.SuiteRunner.runTest(SuiteRunner.java:421)
at org.testng.SuiteRunner.runSequentially(SuiteRunner.java:413)
at org.testng.SuiteRunner.privateRun(SuiteRunner.java:373)
at org.testng.SuiteRunner.run(SuiteRunner.java:312)
at org.testng.SuiteRunnerWorker.runSuite(SuiteRunnerWorker.java:52)
at org.testng.SuiteRunnerWorker.run(SuiteRunnerWorker.java:95)
at org.testng.TestNG.runSuitesSequentially(TestNG.java:1274)
at org.testng.TestNG.runSuitesLocally(TestNG.java:1208)
at org.testng.TestNG.runSuites(TestNG.java:1112)
at org.testng.TestNG.run(TestNG.java:1079)
at org.testng.remote.AbstractRemoteTestNG.run(AbstractRemoteTestNG.java:115)
at org.testng.remote.RemoteTestNG.initAndRun(RemoteTestNG.java:293)
at org.testng.remote.RemoteTestNG.main(RemoteTestNG.java:91)
]]>
            </full-stacktrace>
          </exception> <!-- java.lang.AssertionError -->
          <reporter-output>
          </reporter-output>
        </test-method> <!-- createCon_test -->
        <test-method is-config="true" signature="Logout()[pri:0, instance:ContactModule.ContactModuleTest@6743e411]" started-at="2026-05-11T10:45:50 IST" name="Logout" finished-at="2026-05-11T10:45:53 IST" duration-ms="2581" status="PASS">
          <reporter-output>
            <line>
              <![CDATA[Logged out of the application]]>
            </line>
          </reporter-output>
        </test-method> <!-- Logout -->
        <test-method is-config="true" signature="Login()[pri:0, instance:ContactModule.ContactModuleTest@6743e411]" started-at="2026-05-11T10:45:53 IST" name="Login" finished-at="2026-05-11T10:45:54 IST" duration-ms="510" status="PASS">
          <reporter-output>
            <line>
              <![CDATA[Logged into the application]]>
            </line>
          </reporter-output>
        </test-method> <!-- Login -->
        <test-method signature="createCon_test()[pri:0, instance:ContactModule.ContactModuleTest@6743e411]" started-at="2026-05-11T10:45:54 IST" name="createCon_test" finished-at="2026-05-11T10:46:07 IST" duration-ms="13053" status="FAIL">
          <exception class="java.lang.AssertionError">
            <message>
              <![CDATA[The following asserts failed:
Validating home header expected [action=index&module=Home] but found [http://localhost:8888/index.php?action=index&module=Home]]]>
            </message>
            <full-stacktrace>
              <![CDATA[java.lang.AssertionError: The following asserts failed:
Validating home header expected [action=index&module=Home] but found [http://localhost:8888/index.php?action=index&module=Home]
at org.testng.asserts.SoftAssert.assertAll(SoftAssert.java:46)
at org.testng.asserts.SoftAssert.assertAll(SoftAssert.java:30)
at ContactModule.ContactModuleTest.createCon_test(ContactModuleTest.java:88)
at java.base/jdk.internal.reflect.DirectMethodHandleAccessor.invoke(DirectMethodHandleAccessor.java:103)
at java.base/java.lang.reflect.Method.invoke(Method.java:580)
at org.testng.internal.invokers.MethodInvocationHelper.invokeMethod(MethodInvocationHelper.java:141)
at org.testng.internal.invokers.TestInvoker.invokeMethod(TestInvoker.java:686)
at org.testng.internal.invokers.TestInvoker.retryFailed(TestInvoker.java:269)
at org.testng.internal.invokers.MethodRunner.runInSequence(MethodRunner.java:76)
at org.testng.internal.invokers.TestInvoker$MethodInvocationAgent.invoke(TestInvoker.java:992)
at org.testng.internal.invokers.TestInvoker.invokeTestMethods(TestInvoker.java:203)
at org.testng.internal.invokers.TestMethodWorker.invokeTestMethods(TestMethodWorker.java:154)
at org.testng.internal.invokers.TestMethodWorker.run(TestMethodWorker.java:134)
at java.base/java.util.ArrayList.forEach(ArrayList.java:1596)
at org.testng.TestRunner.privateRun(TestRunner.java:739)
at org.testng.TestRunner.run(TestRunner.java:614)
at org.testng.SuiteRunner.runTest(SuiteRunner.java:421)
at org.testng.SuiteRunner.runSequentially(SuiteRunner.java:413)
at org.testng.SuiteRunner.privateRun(SuiteRunner.java:373)
at org.testng.SuiteRunner.run(SuiteRunner.java:312)
at org.testng.SuiteRunnerWorker.runSuite(SuiteRunnerWorker.java:52)
at org.testng.SuiteRunnerWorker.run(SuiteRunnerWorker.java:95)
at org.testng.TestNG.runSuitesSequentially(TestNG.java:1274)
at org.testng.TestNG.runSuitesLocally(TestNG.java:1208)
at org.testng.TestNG.runSuites(TestNG.java:1112)
at org.testng.TestNG.run(TestNG.java:1079)
at org.testng.remote.AbstractRemoteTestNG.run(AbstractRemoteTestNG.java:115)
at org.testng.remote.RemoteTestNG.initAndRun(RemoteTestNG.java:293)
at org.testng.remote.RemoteTestNG.main(RemoteTestNG.java:91)
]]>
            </full-stacktrace>
          </exception> <!-- java.lang.AssertionError -->
          <reporter-output>
          </reporter-output>
        </test-method> <!-- createCon_test -->
        <test-method is-config="true" signature="Logout()[pri:0, instance:ContactModule.ContactModuleTest@6743e411]" started-at="2026-05-11T10:46:08 IST" name="Logout" finished-at="2026-05-11T10:46:09 IST" duration-ms="989" status="PASS">
          <reporter-output>
            <line>
              <![CDATA[Logged out of the application]]>
            </line>
          </reporter-output>
        </test-method> <!-- Logout -->
        <test-method is-config="true" signature="quitTheBrowser()[pri:0, instance:ContactModule.ContactModuleTest@6743e411]" started-at="2026-05-11T10:46:09 IST" name="quitTheBrowser" finished-at="2026-05-11T10:46:10 IST" duration-ms="172" status="PASS">
          <reporter-output>
            <line>
              <![CDATA[Quiting the Browser]]>
            </line>
          </reporter-output>
        </test-method> <!-- quitTheBrowser -->
        <test-method is-config="true" signature="closeConfigPE()[pri:0, instance:ContactModule.ContactModuleTest@6743e411]" started-at="2026-05-11T10:46:10 IST" name="closeConfigPE" finished-at="2026-05-11T10:46:10 IST" duration-ms="1" status="PASS">
          <reporter-output>
            <line>
              <![CDATA[Close config of parallel exe]]>
            </line>
          </reporter-output>
        </test-method> <!-- closeConfigPE -->
        <test-method is-config="true" signature="Disconnect_DB()[pri:0, instance:ContactModule.ContactModuleTest@6743e411]" started-at="2026-05-11T10:46:10 IST" name="Disconnect_DB" finished-at="2026-05-11T10:46:10 IST" duration-ms="4" status="PASS">
          <reporter-output>
            <line>
              <![CDATA[Disconnected with Database]]>
            </line>
          </reporter-output>
        </test-method> <!-- Disconnect_DB -->
      </class> <!-- ContactModule.ContactModuleTest -->
    </test> <!-- Default test -->
  </suite> <!-- Default suite -->
</testng-results>
