<?xml version="1.0" encoding="UTF-8"?>
<testng-results ignored="0" total="6" passed="6" failed="0" skipped="0">
  <reporter-output>
    <line>
      <![CDATA[Suite Execution started-Adv report configuration]]>
    </line>
    <line>
      <![CDATA[Connected with DB]]>
    </line>
    <line>
      <![CDATA[Configured the parallel Exe]]>
    </line>
    <line>
      <![CDATA[Launching Browser]]>
    </line>
    <line>
      <![CDATA[Logged into the application]]>
    </line>
    <line>
      <![CDATA[Logged out of the application]]>
    </line>
    <line>
      <![CDATA[Logged into the application]]>
    </line>
    <line>
      <![CDATA[2026-05-14]]>
    </line>
    <line>
      <![CDATA[2026-06-13]]>
    </line>
    <line>
      <![CDATA[Logged out of the application]]>
    </line>
    <line>
      <![CDATA[Logged into the application]]>
    </line>
    <line>
      <![CDATA[Logged out of the application]]>
    </line>
    <line>
      <![CDATA[Quiting the Browser]]>
    </line>
    <line>
      <![CDATA[Launching Browser]]>
    </line>
    <line>
      <![CDATA[Logged into the application]]>
    </line>
    <line>
      <![CDATA[Logged out of the application]]>
    </line>
    <line>
      <![CDATA[Logged into the application]]>
    </line>
    <line>
      <![CDATA[Logged out of the application]]>
    </line>
    <line>
      <![CDATA[Logged into the application]]>
    </line>
    <line>
      <![CDATA[Logged out of the application]]>
    </line>
    <line>
      <![CDATA[Quiting the Browser]]>
    </line>
    <line>
      <![CDATA[Close config of parallel exe]]>
    </line>
    <line>
      <![CDATA[Disconnected with Database]]>
    </line>
  </reporter-output>
  <suite started-at="2026-05-14T10:47:16 IST" name="Suite" finished-at="2026-05-14T10:49:46 IST" duration-ms="150125">
    <groups>
      <group name="regression">
        <method signature="ContactModuleTest.createConWithOrg_test()[pri:0, instance:ContactModule.ContactModuleTest@6743e411]" name="createConWithOrg_test" class="ContactModule.ContactModuleTest"/>
        <method signature="ContactModuleTest.createConWithSuppDate_test()[pri:0, instance:ContactModule.ContactModuleTest@6743e411]" name="createConWithSuppDate_test" class="ContactModule.ContactModuleTest"/>
        <method signature="OrgModuleTest.createOrgWithIndType_test()[pri:0, instance:OrganizationModule.OrgModuleTest@3eb738bb]" name="createOrgWithIndType_test" class="OrganizationModule.OrgModuleTest"/>
        <method signature="OrgModuleTest.createOrgWithphno_test()[pri:0, instance:OrganizationModule.OrgModuleTest@3eb738bb]" name="createOrgWithphno_test" class="OrganizationModule.OrgModuleTest"/>
      </group> <!-- regression -->
      <group name="smoke">
        <method signature="ContactModuleTest.createCon_test()[pri:0, instance:ContactModule.ContactModuleTest@6743e411]" name="createCon_test" class="ContactModule.ContactModuleTest"/>
        <method signature="OrgModuleTest.createOrg_test()[pri:0, instance:OrganizationModule.OrgModuleTest@3eb738bb]" name="createOrg_test" class="OrganizationModule.OrgModuleTest"/>
      </group> <!-- smoke -->
    </groups>
    <test started-at="2026-05-14T10:47:16 IST" name="Test" finished-at="2026-05-14T10:49:46 IST" duration-ms="150125">
      <class name="OrganizationModule.OrgModuleTest">
        <test-method is-config="true" signature="LaunchTheBrowser()[pri:0, instance:OrganizationModule.OrgModuleTest@3eb738bb]" started-at="2026-05-14T10:48:54 IST" name="LaunchTheBrowser" finished-at="2026-05-14T10:48:55 IST" duration-ms="926" status="PASS">
          <reporter-output>
            <line>
              <![CDATA[Launching Browser]]>
            </line>
          </reporter-output>
        </test-method> <!-- LaunchTheBrowser -->
        <test-method is-config="true" signature="Login()[pri:0, instance:OrganizationModule.OrgModuleTest@3eb738bb]" started-at="2026-05-14T10:48:55 IST" name="Login" finished-at="2026-05-14T10:48:58 IST" duration-ms="2899" status="PASS">
          <reporter-output>
            <line>
              <![CDATA[Logged into the application]]>
            </line>
          </reporter-output>
        </test-method> <!-- Login -->
        <test-method signature="createOrgWithIndType_test()[pri:0, instance:OrganizationModule.OrgModuleTest@3eb738bb]" started-at="2026-05-14T10:48:58 IST" name="createOrgWithIndType_test" finished-at="2026-05-14T10:49:08 IST" duration-ms="10531" status="PASS">
          <reporter-output>
          </reporter-output>
        </test-method> <!-- createOrgWithIndType_test -->
        <test-method is-config="true" signature="Logout()[pri:0, instance:OrganizationModule.OrgModuleTest@3eb738bb]" started-at="2026-05-14T10:49:08 IST" name="Logout" finished-at="2026-05-14T10:49:11 IST" duration-ms="2930" status="PASS">
          <reporter-output>
            <line>
              <![CDATA[Logged out of the application]]>
            </line>
          </reporter-output>
        </test-method> <!-- Logout -->
        <test-method is-config="true" signature="Login()[pri:0, instance:OrganizationModule.OrgModuleTest@3eb738bb]" started-at="2026-05-14T10:49:11 IST" name="Login" finished-at="2026-05-14T10:49:14 IST" duration-ms="2752" status="PASS">
          <reporter-output>
            <line>
              <![CDATA[Logged into the application]]>
            </line>
          </reporter-output>
        </test-method> <!-- Login -->
        <test-method signature="createOrgWithphno_test()[pri:0, instance:OrganizationModule.OrgModuleTest@3eb738bb]" started-at="2026-05-14T10:49:14 IST" name="createOrgWithphno_test" finished-at="2026-05-14T10:49:26 IST" duration-ms="12018" status="PASS">
          <reporter-output>
          </reporter-output>
        </test-method> <!-- createOrgWithphno_test -->
        <test-method is-config="true" signature="Logout()[pri:0, instance:OrganizationModule.OrgModuleTest@3eb738bb]" started-at="2026-05-14T10:49:26 IST" name="Logout" finished-at="2026-05-14T10:49:29 IST" duration-ms="3220" status="PASS">
          <reporter-output>
            <line>
              <![CDATA[Logged out of the application]]>
            </line>
          </reporter-output>
        </test-method> <!-- Logout -->
        <test-method is-config="true" signature="Login()[pri:0, instance:OrganizationModule.OrgModuleTest@3eb738bb]" started-at="2026-05-14T10:49:29 IST" name="Login" finished-at="2026-05-14T10:49:30 IST" duration-ms="537" status="PASS">
          <reporter-output>
            <line>
              <![CDATA[Logged into the application]]>
            </line>
          </reporter-output>
        </test-method> <!-- Login -->
        <test-method signature="createOrg_test()[pri:0, instance:OrganizationModule.OrgModuleTest@3eb738bb]" started-at="2026-05-14T10:49:30 IST" name="createOrg_test" finished-at="2026-05-14T10:49:44 IST" duration-ms="13974" status="PASS">
          <reporter-output>
          </reporter-output>
        </test-method> <!-- createOrg_test -->
        <test-method is-config="true" signature="Logout()[pri:0, instance:OrganizationModule.OrgModuleTest@3eb738bb]" started-at="2026-05-14T10:49:44 IST" name="Logout" finished-at="2026-05-14T10:49:46 IST" duration-ms="2447" status="PASS">
          <reporter-output>
            <line>
              <![CDATA[Logged out of the application]]>
            </line>
          </reporter-output>
        </test-method> <!-- Logout -->
        <test-method is-config="true" signature="quitTheBrowser()[pri:0, instance:OrganizationModule.OrgModuleTest@3eb738bb]" started-at="2026-05-14T10:49:46 IST" name="quitTheBrowser" finished-at="2026-05-14T10:49:46 IST" duration-ms="170" status="PASS">
          <reporter-output>
            <line>
              <![CDATA[Quiting the Browser]]>
            </line>
          </reporter-output>
        </test-method> <!-- quitTheBrowser -->
      </class> <!-- OrganizationModule.OrgModuleTest -->
      <class name="ContactModule.ContactModuleTest">
        <test-method is-config="true" signature="connectToDB()[pri:0, instance:ContactModule.ContactModuleTest@6743e411]" started-at="2026-05-14T10:47:16 IST" name="connectToDB" finished-at="2026-05-14T10:47:16 IST" duration-ms="700" status="PASS">
          <reporter-output>
            <line>
              <![CDATA[Connected with DB]]>
            </line>
          </reporter-output>
        </test-method> <!-- connectToDB -->
        <test-method is-config="true" signature="configParallelExe()[pri:0, instance:ContactModule.ContactModuleTest@6743e411]" started-at="2026-05-14T10:47:16 IST" name="configParallelExe" finished-at="2026-05-14T10:47:16 IST" duration-ms="3" status="PASS">
          <reporter-output>
            <line>
              <![CDATA[Configured the parallel Exe]]>
            </line>
          </reporter-output>
        </test-method> <!-- configParallelExe -->
        <test-method is-config="true" signature="LaunchTheBrowser()[pri:0, instance:ContactModule.ContactModuleTest@6743e411]" started-at="2026-05-14T10:47:16 IST" name="LaunchTheBrowser" finished-at="2026-05-14T10:47:19 IST" duration-ms="2481" status="PASS">
          <reporter-output>
            <line>
              <![CDATA[Launching Browser]]>
            </line>
          </reporter-output>
        </test-method> <!-- LaunchTheBrowser -->
        <test-method is-config="true" signature="Login()[pri:0, instance:ContactModule.ContactModuleTest@6743e411]" started-at="2026-05-14T10:47:19 IST" name="Login" finished-at="2026-05-14T10:47:25 IST" duration-ms="6549" status="PASS">
          <reporter-output>
            <line>
              <![CDATA[Logged into the application]]>
            </line>
          </reporter-output>
        </test-method> <!-- Login -->
        <test-method signature="createConWithOrg_test()[pri:0, instance:ContactModule.ContactModuleTest@6743e411]" started-at="2026-05-14T10:47:25 IST" name="createConWithOrg_test" finished-at="2026-05-14T10:48:17 IST" duration-ms="51214" status="PASS">
          <reporter-output>
          </reporter-output>
        </test-method> <!-- createConWithOrg_test -->
        <test-method is-config="true" signature="Logout()[pri:0, instance:ContactModule.ContactModuleTest@6743e411]" started-at="2026-05-14T10:48:17 IST" name="Logout" finished-at="2026-05-14T10:48:20 IST" duration-ms="3519" status="PASS">
          <reporter-output>
            <line>
              <![CDATA[Logged out of the application]]>
            </line>
          </reporter-output>
        </test-method> <!-- Logout -->
        <test-method is-config="true" signature="Login()[pri:0, instance:ContactModule.ContactModuleTest@6743e411]" started-at="2026-05-14T10:48:20 IST" name="Login" finished-at="2026-05-14T10:48:22 IST" duration-ms="2053" status="PASS">
          <reporter-output>
            <line>
              <![CDATA[Logged into the application]]>
            </line>
          </reporter-output>
        </test-method> <!-- Login -->
        <test-method signature="createConWithSuppDate_test()[pri:0, instance:ContactModule.ContactModuleTest@6743e411]" started-at="2026-05-14T10:48:22 IST" name="createConWithSuppDate_test" finished-at="2026-05-14T10:48:32 IST" duration-ms="10264" status="PASS">
          <reporter-output>
            <line>
              <![CDATA[2026-05-14]]>
            </line>
            <line>
              <![CDATA[2026-06-13]]>
            </line>
          </reporter-output>
        </test-method> <!-- createConWithSuppDate_test -->
        <test-method is-config="true" signature="Logout()[pri:0, instance:ContactModule.ContactModuleTest@6743e411]" started-at="2026-05-14T10:48:32 IST" name="Logout" finished-at="2026-05-14T10:48:35 IST" duration-ms="2699" status="PASS">
          <reporter-output>
            <line>
              <![CDATA[Logged out of the application]]>
            </line>
          </reporter-output>
        </test-method> <!-- Logout -->
        <test-method is-config="true" signature="Login()[pri:0, instance:ContactModule.ContactModuleTest@6743e411]" started-at="2026-05-14T10:48:35 IST" name="Login" finished-at="2026-05-14T10:48:36 IST" duration-ms="509" status="PASS">
          <reporter-output>
            <line>
              <![CDATA[Logged into the application]]>
            </line>
          </reporter-output>
        </test-method> <!-- Login -->
        <test-method signature="createCon_test()[pri:0, instance:ContactModule.ContactModuleTest@6743e411]" started-at="2026-05-14T10:48:36 IST" name="createCon_test" finished-at="2026-05-14T10:48:50 IST" duration-ms="14787" status="PASS">
          <reporter-output>
          </reporter-output>
        </test-method> <!-- createCon_test -->
        <test-method is-config="true" signature="Logout()[pri:0, instance:ContactModule.ContactModuleTest@6743e411]" started-at="2026-05-14T10:48:50 IST" name="Logout" finished-at="2026-05-14T10:48:54 IST" duration-ms="3254" status="PASS">
          <reporter-output>
            <line>
              <![CDATA[Logged out of the application]]>
            </line>
          </reporter-output>
        </test-method> <!-- Logout -->
        <test-method is-config="true" signature="quitTheBrowser()[pri:0, instance:ContactModule.ContactModuleTest@6743e411]" started-at="2026-05-14T10:48:54 IST" name="quitTheBrowser" finished-at="2026-05-14T10:48:54 IST" duration-ms="236" status="PASS">
          <reporter-output>
            <line>
              <![CDATA[Quiting the Browser]]>
            </line>
          </reporter-output>
        </test-method> <!-- quitTheBrowser -->
        <test-method is-config="true" signature="closeConfigPE()[pri:0, instance:ContactModule.ContactModuleTest@6743e411]" started-at="2026-05-14T10:49:46 IST" name="closeConfigPE" finished-at="2026-05-14T10:49:46 IST" duration-ms="0" status="PASS">
          <reporter-output>
            <line>
              <![CDATA[Close config of parallel exe]]>
            </line>
          </reporter-output>
        </test-method> <!-- closeConfigPE -->
        <test-method is-config="true" signature="Disconnect_DB()[pri:0, instance:ContactModule.ContactModuleTest@6743e411]" started-at="2026-05-14T10:49:46 IST" name="Disconnect_DB" finished-at="2026-05-14T10:49:46 IST" duration-ms="4" status="PASS">
          <reporter-output>
            <line>
              <![CDATA[Disconnected with Database]]>
            </line>
          </reporter-output>
        </test-method> <!-- Disconnect_DB -->
      </class> <!-- ContactModule.ContactModuleTest -->
    </test> <!-- Test -->
  </suite> <!-- Suite -->
</testng-results>
