<?xml version="1.0" encoding="UTF-8"?>
<!-- Generated by org.testng.reporters.JUnitReportReporter -->
<testsuite hostname="DESKTOP-MV3N3RD" failures="0" tests="3" name="ContactModule.ContactModuleTest" time="94.848" errors="0" timestamp="2026-05-14T10:49:47 IST" skipped="0">
  <testcase classname="ContactModule.ContactModuleTest" name="createConWithOrg_test" time="54.422"/>
  <testcase classname="ContactModule.ContactModuleTest" name="createConWithSuppDate_test" time="15.571">
    <system-out>
      <![CDATA[2026-05-14
2026-06-13]]>
    </system-out>
  </testcase> <!-- createConWithSuppDate_test -->
  <testcase classname="ContactModule.ContactModuleTest" name="createCon_test" time="24.855"/>
  <system-out>
    <![CDATA[Suite Execution started-Adv report configuration
Connected with DB
Configured the parallel Exe
Launching Browser
Logged into the application
Logged out of the application
Logged into the application
2026-05-14
2026-06-13
Logged out of the application
Logged into the application
Logged out of the application
Quiting the Browser
Launching Browser
Logged into the application
Logged out of the application
Logged into the application
Logged out of the application
Logged into the application
Logged out of the application
Quiting the Browser
Close config of parallel exe
Disconnected with Database]]>
  </system-out>
</testsuite> <!-- ContactModule.ContactModuleTest -->
